2025-08-17T09:44:41.819106Z [evaluation.start] {"repoPath":"/var/folders/bt/9xk706314yb7wb6v6n3m0hz80000gp/T/repo-eval-12549743961575577945","submissionId":453}
2025-08-17T09:45:29.071498Z [evaluationContext.fromDb] {"edges":9,"files":20}
2025-08-17T09:45:29.074568Z [evaluationContext.fromRepoPath] {"repoRoot":"/var/folders/bt/9xk706314yb7wb6v6n3m0hz80000gp/T/repo-eval-12549743961575577945","files":20,"edges":9}
2025-08-17T09:45:29.075664Z [evaluation.context] {"files":["Dockerfile","README.md","backend/auth/auhtorization.js","backend/config.js","backend/index.js","backend/models/User.js","backend/package-lock.json","backend/package.json","backend/routes/Account.js","backend/routes/index.js","backend/routes/user.js","frontend/.eslintrc.cjs","frontend/README.md","frontend/index.html","frontend/package.json","frontend/src/App.css","frontend/src/App.jsx","frontend/src/index.css","frontend/src/main.jsx","frontend/vite.config.js"],"languageByFile":{"frontend/src/App.css":"css","backend/models/User.js":"javascript","frontend/README.md":"markdown","backend/routes/Account.js":"javascript","backend/config.js":"javascript","frontend/vite.config.js":"javascript","backend/package-lock.json":"json","frontend/src/index.css":"css","README.md":"markdown","backend/package.json":"json","backend/index.js":"javascript","backend/routes/user.js":"javascript","backend/routes/index.js":"javascript","frontend/package.json":"json","frontend/src/App.jsx":"jsx","backend/auth/auhtorization.js":"javascript","frontend/src/main.jsx":"jsx","frontend/index.html":"html"},"takingByFile":{"backend/index.js":["backend/routes/index.js"],"backend/routes/user.js":["backend/models/User.js","backend/auth/auhtorization.js","backend/config.js"],"backend/routes/index.js":["backend/routes/user.js","backend/routes/Account.js"],"backend/auth/auhtorization.js":["backend/config.js"],"frontend/src/main.jsx":["frontend/src/App.jsx","frontend/src/index.css"]},"callingByFile":{"backend/models/User.js":["User"],"backend/routes/user.js":["UserRouter"],"backend/routes/Account.js":["AccountRouter"],"frontend/.eslintrc.cjs":["root","env","es2020"],"backend/routes/index.js":["router"],"backend/auth/auhtorization.js":["AuhtorizeUser"],"backend/config.js":["usertoken"]},"dependentsByFile":{"backend/models/User.js":["backend/routes/user.js"],"backend/routes/user.js":["backend/routes/index.js"],"backend/routes/Account.js":["backend/routes/index.js"],"frontend/src/App.jsx":["frontend/src/main.jsx"],"backend/routes/index.js":["backend/index.js"],"backend/auth/auhtorization.js":["backend/routes/user.js"],"backend/config.js":["backend/routes/user.js","backend/auth/auhtorization.js"],"frontend/src/index.css":["frontend/src/main.jsx"]}}
2025-08-17T09:48:00.395453Z [evaluation.file] {"file":"frontend/index.html","issueCount":0,"issues":[]}
2025-08-17T09:48:00.396746Z [evaluation.file] {"file":"frontend/vite.config.js","issueCount":0,"issues":[]}
2025-08-17T09:48:00.397265Z [evaluation.file] {"file":"frontend/README.md","issueCount":0,"issues":[]}
2025-08-17T09:48:00.397639Z [evaluation.file] {"file":"frontend/package.json","issueCount":0,"issues":[]}
2025-08-17T09:48:00.397978Z [evaluation.file] {"file":"frontend/src/App.css","issueCount":0,"issues":[]}
2025-08-17T09:48:00.398310Z [evaluation.file] {"file":"frontend/src/index.css","issueCount":0,"issues":[]}
2025-08-17T09:48:00.398637Z [evaluation.file] {"file":"frontend/src/main.jsx","issueCount":0,"issues":[]}
2025-08-17T09:48:00.398915Z [evaluation.file] {"file":"frontend/src/App.jsx","issueCount":0,"issues":[]}
2025-08-17T09:48:00.399161Z [evaluation.file] {"file":"Dockerfile","issueCount":0,"issues":[]}
2025-08-17T09:48:00.399396Z [evaluation.file] {"file":"backend/auth/auhtorization.js","issueCount":0,"issues":[]}
2025-08-17T09:48:00.399643Z [evaluation.file] {"file":"backend/index.js","issueCount":0,"issues":[]}
2025-08-17T09:48:00.399903Z [evaluation.file] {"file":"backend/models/User.js","issueCount":0,"issues":[]}
2025-08-17T09:48:00.400131Z [evaluation.file] {"file":"backend/config.js","issueCount":0,"issues":[]}
2025-08-17T09:48:00.400353Z [evaluation.file] {"file":"backend/package-lock.json","issueCount":0,"issues":[]}
2025-08-17T09:48:00.400693Z [evaluation.file] {"file":"backend/package.json","issueCount":0,"issues":[]}
2025-08-17T09:48:00.400933Z [evaluation.file] {"file":"backend/routes/user.js","issueCount":0,"issues":[]}
2025-08-17T09:48:00.401155Z [evaluation.file] {"file":"backend/routes/index.js","issueCount":0,"issues":[]}
2025-08-17T09:48:00.401366Z [evaluation.file] {"file":"backend/routes/Account.js","issueCount":0,"issues":[]}
2025-08-17T09:48:00.401567Z [evaluation.file] {"file":"README.md","issueCount":0,"issues":[]}
2025-08-17T09:48:09.255850Z [evaluation.overall] {"comments":["**Strengths:** 1.  Clear separation of concerns with dedicated `backend/` and `frontend/` directories. 2.  Standard project structures employed for both backend (Node.js/Express with models and routes) and frontend (React/Vite). 3.  Proper dependency management indicated by `package.json` and `package-lock.json` files. 4.  Configuration files present for both backend (`backend/config.js`) and frontend builds (`frontend/vite.config.js`). 5.  Code quality enforcement indicated by the presence of `.eslintrc.cjs` in the frontend. 6.  Basic documentation provided via `README.md` files at the root and within the frontend. 7.  Containerization setup is initiated with a `Dockerfile`.","**Areas for Improvement:** 1.  **Critical Typo:** The presence of `backend/auth/auhtorization.js` (instead of `authorization.js`) indicates a significant lack of attention to detail or missing automated checks for file naming. 2.  **Lack of Automated Tests:** No clear evidence of unit, integration, or end-to-end testing frameworks or test files for either the backend or frontend. 3.  **Missing Environment Configuration:** No visible `.env` file or similar mechanism for securely managing sensitive credentials or environment-specific variables. 4.  **Inferred Incomplete Security Measures:** While an authorization file exists, the file list does not explicitly show common security patterns such as input validation, rate limiting, or robust error handling specific to security."]}
2025-08-17T09:48:09.258819Z [evaluation.summary] {"submissionId":453,"filesEvaluated":19,"errorsCount":0,"improvementsCount":0,"thingsDoneRightCount":0}
2025-08-17T10:31:46.090935Z [evaluation.start] {"repoPath":"/var/folders/bt/9xk706314yb7wb6v6n3m0hz80000gp/T/repo-eval-10877253995080684871","submissionId":502}
2025-08-17T10:32:32.043909Z [evaluationContext.fromDb] {"edges":9,"files":20}
2025-08-17T10:32:32.048022Z [evaluationContext.fromRepoPath] {"repoRoot":"/var/folders/bt/9xk706314yb7wb6v6n3m0hz80000gp/T/repo-eval-10877253995080684871","files":20,"edges":9}
2025-08-17T10:32:32.049365Z [evaluation.context] {"files":["Dockerfile","README.md","backend/auth/auhtorization.js","backend/config.js","backend/index.js","backend/models/User.js","backend/package-lock.json","backend/package.json","backend/routes/Account.js","backend/routes/index.js","backend/routes/user.js","frontend/.eslintrc.cjs","frontend/README.md","frontend/index.html","frontend/package.json","frontend/src/App.css","frontend/src/App.jsx","frontend/src/index.css","frontend/src/main.jsx","frontend/vite.config.js"],"languageByFile":{"frontend/src/App.css":"css","backend/models/User.js":"javascript","frontend/README.md":"markdown","backend/routes/Account.js":"javascript","backend/config.js":"javascript","frontend/vite.config.js":"javascript","backend/package-lock.json":"json","frontend/src/index.css":"css","README.md":"markdown","backend/package.json":"json","backend/index.js":"javascript","backend/routes/user.js":"javascript","backend/routes/index.js":"javascript","frontend/package.json":"json","frontend/src/App.jsx":"jsx","backend/auth/auhtorization.js":"javascript","frontend/src/main.jsx":"jsx","frontend/index.html":"html"},"takingByFile":{"backend/index.js":["backend/routes/index.js"],"backend/routes/user.js":["backend/models/User.js","backend/auth/auhtorization.js","backend/config.js"],"backend/routes/index.js":["backend/routes/user.js","backend/routes/Account.js"],"backend/auth/auhtorization.js":["backend/config.js"],"frontend/src/main.jsx":["frontend/src/App.jsx","frontend/src/index.css"]},"callingByFile":{"backend/models/User.js":["User"],"backend/routes/user.js":["UserRouter"],"backend/routes/Account.js":["AccountRouter"],"frontend/.eslintrc.cjs":["root","env","es2020"],"backend/routes/index.js":["router"],"backend/auth/auhtorization.js":["AuhtorizeUser"],"backend/config.js":["usertoken"]},"dependentsByFile":{"backend/models/User.js":["backend/routes/user.js"],"backend/routes/user.js":["backend/routes/index.js"],"backend/routes/Account.js":["backend/routes/index.js"],"frontend/src/App.jsx":["frontend/src/main.jsx"],"backend/routes/index.js":["backend/index.js"],"backend/auth/auhtorization.js":["backend/routes/user.js"],"backend/config.js":["backend/routes/user.js","backend/auth/auhtorization.js"],"frontend/src/index.css":["frontend/src/main.jsx"]}}
2025-08-17T10:34:55.698510Z [evaluation.file] {"file":"frontend/index.html","issueCount":0,"issues":[]}
2025-08-17T10:34:55.699360Z [evaluation.file] {"file":"frontend/vite.config.js","issueCount":0,"issues":[]}
2025-08-17T10:34:55.699896Z [evaluation.file] {"file":"frontend/README.md","issueCount":0,"issues":[]}
2025-08-17T10:34:55.700406Z [evaluation.file] {"file":"frontend/package.json","issueCount":0,"issues":[]}
2025-08-17T10:34:55.700869Z [evaluation.file] {"file":"frontend/src/App.css","issueCount":0,"issues":[]}
2025-08-17T10:34:55.701293Z [evaluation.file] {"file":"frontend/src/index.css","issueCount":0,"issues":[]}
2025-08-17T10:34:55.701668Z [evaluation.file] {"file":"frontend/src/main.jsx","issueCount":0,"issues":[]}
2025-08-17T10:34:55.701992Z [evaluation.file] {"file":"frontend/src/App.jsx","issueCount":0,"issues":[]}
2025-08-17T10:34:55.702267Z [evaluation.file] {"file":"Dockerfile","issueCount":0,"issues":[]}
2025-08-17T10:34:55.702536Z [evaluation.file] {"file":"backend/auth/auhtorization.js","issueCount":0,"issues":[]}
2025-08-17T10:34:55.702805Z [evaluation.file] {"file":"backend/index.js","issueCount":0,"issues":[]}
2025-08-17T10:34:55.703060Z [evaluation.file] {"file":"backend/models/User.js","issueCount":0,"issues":[]}
2025-08-17T10:34:55.703324Z [evaluation.file] {"file":"backend/config.js","issueCount":0,"issues":[]}
2025-08-17T10:34:55.703628Z [evaluation.file] {"file":"backend/package-lock.json","issueCount":0,"issues":[]}
2025-08-17T10:34:55.703955Z [evaluation.file] {"file":"backend/package.json","issueCount":0,"issues":[]}
2025-08-17T10:34:55.704313Z [evaluation.file] {"file":"backend/routes/user.js","issueCount":0,"issues":[]}
2025-08-17T10:34:55.704664Z [evaluation.file] {"file":"backend/routes/index.js","issueCount":0,"issues":[]}
2025-08-17T10:34:55.705003Z [evaluation.file] {"file":"backend/routes/Account.js","issueCount":0,"issues":[]}
2025-08-17T10:34:55.705366Z [evaluation.file] {"file":"README.md","issueCount":0,"issues":[]}
2025-08-17T10:35:01.723796Z [evaluation.overall] {"comments":["**Strengths:** 1.  **Clear Separation of Concerns:** Evident `backend/` and `frontend/` directories provide a logical project structure. 2.  **Standard Project Setup:** Presence of `Dockerfile`, `README.md`, and `package.json` for dependency management and environment setup. 3.  **Structured Backend:** `models/`, `routes/`, `auth/`, and `config.js` suggest a logical organization for server-side components (e.g., MVC pattern). 4.  **Frontend Tooling:** Use of Vite (`vite.config.js`) and ESLint (`.eslintrc.cjs`) indicates modern frontend development practices and linting.","**Areas for Improvement:** 1.  **Typographical Error:** A significant typo is present in `backend/auth/auhtorization.js`, indicating a lack of attention to detail or automated checks for file naming. 2.  **Lack of Testing Frameworks:** No visible directories or files indicative of unit, integration, or end-to-end tests for either frontend or backend. 3.  **Incomplete Linting Configuration:** ESLint is only configured for the frontend (`frontend/.eslintrc.cjs`), suggesting a potential lack of linting for backend code. 4.  **Absence of Code Formatting Configuration:** No `.prettierrc` or similar files indicate a lack of automated code formatting, which can lead to style inconsistencies across the codebase. 5.  **Missing Database Migrations/Seeds:** No files related to structured database schema management or initial data population are visible."]}
2025-08-17T10:35:01.727349Z [evaluation.summary] {"submissionId":502,"filesEvaluated":19,"errorsCount":0,"improvementsCount":0,"thingsDoneRightCount":0}
2025-08-17T10:39:58.490672Z [evaluation.start] {"repoPath":"/var/folders/bt/9xk706314yb7wb6v6n3m0hz80000gp/T/repo-eval-4170221635525689150","submissionId":503}
2025-08-17T10:40:45.788848Z [evaluationContext.fromDb] {"edges":9,"files":20}
2025-08-17T10:40:45.790631Z [evaluationContext.fromRepoPath] {"repoRoot":"/var/folders/bt/9xk706314yb7wb6v6n3m0hz80000gp/T/repo-eval-4170221635525689150","files":20,"edges":9}
2025-08-17T10:40:45.791825Z [evaluation.context] {"files":["Dockerfile","README.md","backend/auth/auhtorization.js","backend/config.js","backend/index.js","backend/models/User.js","backend/package-lock.json","backend/package.json","backend/routes/Account.js","backend/routes/index.js","backend/routes/user.js","frontend/.eslintrc.cjs","frontend/README.md","frontend/index.html","frontend/package.json","frontend/src/App.css","frontend/src/App.jsx","frontend/src/index.css","frontend/src/main.jsx","frontend/vite.config.js"],"languageByFile":{"frontend/src/App.css":"css","backend/models/User.js":"javascript","frontend/README.md":"markdown","backend/routes/Account.js":"javascript","backend/config.js":"javascript","frontend/vite.config.js":"javascript","backend/package-lock.json":"json","frontend/src/index.css":"css","README.md":"markdown","backend/package.json":"json","backend/index.js":"javascript","backend/routes/user.js":"javascript","backend/routes/index.js":"javascript","frontend/package.json":"json","frontend/src/App.jsx":"jsx","backend/auth/auhtorization.js":"javascript","frontend/src/main.jsx":"jsx","frontend/index.html":"html"},"takingByFile":{"backend/index.js":["backend/routes/index.js"],"backend/routes/user.js":["backend/models/User.js","backend/auth/auhtorization.js","backend/config.js"],"backend/routes/index.js":["backend/routes/user.js","backend/routes/Account.js"],"backend/auth/auhtorization.js":["backend/config.js"],"frontend/src/main.jsx":["frontend/src/App.jsx","frontend/src/index.css"]},"callingByFile":{"backend/models/User.js":["User"],"backend/routes/user.js":["UserRouter"],"backend/routes/Account.js":["AccountRouter"],"frontend/.eslintrc.cjs":["root","env","es2020"],"backend/routes/index.js":["router"],"backend/auth/auhtorization.js":["AuhtorizeUser"],"backend/config.js":["usertoken"]},"dependentsByFile":{"backend/models/User.js":["backend/routes/user.js"],"backend/routes/user.js":["backend/routes/index.js"],"backend/routes/Account.js":["backend/routes/index.js"],"frontend/src/App.jsx":["frontend/src/main.jsx"],"backend/routes/index.js":["backend/index.js"],"backend/auth/auhtorization.js":["backend/routes/user.js"],"backend/config.js":["backend/routes/user.js","backend/auth/auhtorization.js"],"frontend/src/index.css":["frontend/src/main.jsx"]}}
2025-08-17T10:43:09.205592Z [evaluation.file] {"file":"frontend/index.html","issueCount":0,"issues":[]}
2025-08-17T10:43:09.206330Z [evaluation.file] {"file":"frontend/vite.config.js","issueCount":0,"issues":[]}
2025-08-17T10:43:09.206689Z [evaluation.file] {"file":"frontend/README.md","issueCount":0,"issues":[]}
2025-08-17T10:43:09.206959Z [evaluation.file] {"file":"frontend/package.json","issueCount":0,"issues":[]}
2025-08-17T10:43:09.207193Z [evaluation.file] {"file":"frontend/src/App.css","issueCount":0,"issues":[]}
2025-08-17T10:43:09.207408Z [evaluation.file] {"file":"frontend/src/index.css","issueCount":0,"issues":[]}
2025-08-17T10:43:09.207616Z [evaluation.file] {"file":"frontend/src/main.jsx","issueCount":0,"issues":[]}
2025-08-17T10:43:09.207819Z [evaluation.file] {"file":"frontend/src/App.jsx","issueCount":0,"issues":[]}
2025-08-17T10:43:09.208012Z [evaluation.file] {"file":"Dockerfile","issueCount":0,"issues":[]}
2025-08-17T10:43:09.208293Z [evaluation.file] {"file":"backend/auth/auhtorization.js","issueCount":0,"issues":[]}
2025-08-17T10:43:09.208467Z [evaluation.file] {"file":"backend/index.js","issueCount":0,"issues":[]}
2025-08-17T10:43:09.208631Z [evaluation.file] {"file":"backend/models/User.js","issueCount":0,"issues":[]}
2025-08-17T10:43:09.208801Z [evaluation.file] {"file":"backend/config.js","issueCount":0,"issues":[]}
2025-08-17T10:43:09.209126Z [evaluation.file] {"file":"backend/package-lock.json","issueCount":0,"issues":[]}
2025-08-17T10:43:09.209333Z [evaluation.file] {"file":"backend/package.json","issueCount":0,"issues":[]}
2025-08-17T10:43:09.209518Z [evaluation.file] {"file":"backend/routes/user.js","issueCount":0,"issues":[]}
2025-08-17T10:43:09.209679Z [evaluation.file] {"file":"backend/routes/index.js","issueCount":0,"issues":[]}
2025-08-17T10:43:09.209859Z [evaluation.file] {"file":"backend/routes/Account.js","issueCount":0,"issues":[]}
2025-08-17T10:43:09.210068Z [evaluation.file] {"file":"README.md","issueCount":0,"issues":[]}
2025-08-17T10:43:14.536017Z [evaluation.overall] {"comments":["**Strengths:** 1.  Clear separation of concerns with distinct `frontend` and `backend` directories. 2.  Presence of Dockerfile indicates containerization support, aiding deployment. 3.  Good use of documentation with `README.md` files at both root and frontend levels. 4.  Standardized dependency management using `package.json` and `package-lock.json` in both sections. 5.  Modular backend design with dedicated folders for `routes`, `models`, and `auth`. 6.  Frontend development setup includes linting (`.eslintrc.cjs`) and a modern build tool (`vite.config.js`).","**Areas for Improvement:** 1.  No visible test files or testing frameworks for either frontend or backend components. 2.  Potential typo in `backend/auth/auhtorization.js` (likely intended as `authorization.js`). 3.  Absence of explicit backend linting configuration (e.g., ESLint for Node.js). 4.  No visible files indicating a logging setup or robust error handling mechanisms. 5.  Lack of visible database migration or schema management files, which can complicate database evolution."]}
2025-08-17T10:43:14.538716Z [evaluation.summary] {"submissionId":503,"filesEvaluated":19,"errorsCount":0,"improvementsCount":0,"thingsDoneRightCount":0}
2025-08-17T11:02:51.617029Z [evaluation.start] {"submissionId":504,"repoPath":"/var/folders/bt/9xk706314yb7wb6v6n3m0hz80000gp/T/repo-eval-12233698095032087061"}
2025-08-17T11:03:41.314533Z [evaluationContext.fromDb] {"files":20,"edges":9}
2025-08-17T11:03:41.317712Z [evaluationContext.fromRepoPath] {"edges":9,"repoRoot":"/var/folders/bt/9xk706314yb7wb6v6n3m0hz80000gp/T/repo-eval-12233698095032087061","files":20}
2025-08-17T11:03:41.318955Z [evaluation.context] {"files":["Dockerfile","README.md","backend/auth/auhtorization.js","backend/config.js","backend/index.js","backend/models/User.js","backend/package-lock.json","backend/package.json","backend/routes/Account.js","backend/routes/index.js","backend/routes/user.js","frontend/.eslintrc.cjs","frontend/README.md","frontend/index.html","frontend/package.json","frontend/src/App.css","frontend/src/App.jsx","frontend/src/index.css","frontend/src/main.jsx","frontend/vite.config.js"],"languageByFile":{"frontend/src/App.css":"css","backend/models/User.js":"javascript","frontend/README.md":"markdown","backend/routes/Account.js":"javascript","backend/config.js":"javascript","frontend/vite.config.js":"javascript","backend/package-lock.json":"json","frontend/src/index.css":"css","README.md":"markdown","backend/package.json":"json","backend/index.js":"javascript","backend/routes/user.js":"javascript","backend/routes/index.js":"javascript","frontend/package.json":"json","frontend/src/App.jsx":"jsx","backend/auth/auhtorization.js":"javascript","frontend/src/main.jsx":"jsx","frontend/index.html":"html"},"takingByFile":{"backend/index.js":["backend/routes/index.js"],"backend/routes/user.js":["backend/models/User.js","backend/auth/auhtorization.js","backend/config.js"],"backend/routes/index.js":["backend/routes/user.js","backend/routes/Account.js"],"backend/auth/auhtorization.js":["backend/config.js"],"frontend/src/main.jsx":["frontend/src/App.jsx","frontend/src/index.css"]},"callingByFile":{"backend/models/User.js":["User"],"backend/routes/user.js":["UserRouter"],"backend/routes/Account.js":["AccountRouter"],"frontend/.eslintrc.cjs":["root","env","es2020"],"backend/routes/index.js":["router"],"backend/auth/auhtorization.js":["AuhtorizeUser"],"backend/config.js":["usertoken"]},"dependentsByFile":{"backend/models/User.js":["backend/routes/user.js"],"backend/routes/user.js":["backend/routes/index.js"],"backend/routes/Account.js":["backend/routes/index.js"],"frontend/src/App.jsx":["frontend/src/main.jsx"],"backend/routes/index.js":["backend/index.js"],"backend/auth/auhtorization.js":["backend/routes/user.js"],"backend/config.js":["backend/routes/user.js","backend/auth/auhtorization.js"],"frontend/src/index.css":["frontend/src/main.jsx"]}}
2025-08-17T11:06:03.426295Z [evaluation.file] {"file":"frontend/index.html","issueCount":0,"issues":[]}
2025-08-17T11:06:03.426795Z [evaluation.file] {"file":"frontend/vite.config.js","issueCount":0,"issues":[]}
2025-08-17T11:06:03.426971Z [evaluation.file] {"file":"frontend/README.md","issueCount":0,"issues":[]}
2025-08-17T11:06:03.427138Z [evaluation.file] {"file":"frontend/package.json","issueCount":0,"issues":[]}
2025-08-17T11:06:03.427296Z [evaluation.file] {"file":"frontend/src/App.css","issueCount":0,"issues":[]}
2025-08-17T11:06:03.427445Z [evaluation.file] {"file":"frontend/src/index.css","issueCount":0,"issues":[]}
2025-08-17T11:06:03.427593Z [evaluation.file] {"file":"frontend/src/main.jsx","issueCount":0,"issues":[]}
2025-08-17T11:06:03.427748Z [evaluation.file] {"file":"frontend/src/App.jsx","issueCount":0,"issues":[]}
2025-08-17T11:06:03.427888Z [evaluation.file] {"file":"Dockerfile","issueCount":0,"issues":[]}
2025-08-17T11:06:03.428045Z [evaluation.file] {"file":"backend/auth/auhtorization.js","issueCount":0,"issues":[]}
2025-08-17T11:06:03.428181Z [evaluation.file] {"file":"backend/index.js","issueCount":0,"issues":[]}
2025-08-17T11:06:03.428316Z [evaluation.file] {"file":"backend/models/User.js","issueCount":0,"issues":[]}
2025-08-17T11:06:03.428451Z [evaluation.file] {"file":"backend/config.js","issueCount":0,"issues":[]}
2025-08-17T11:06:03.428567Z [evaluation.file] {"file":"backend/package-lock.json","issueCount":0,"issues":[]}
2025-08-17T11:06:03.428684Z [evaluation.file] {"file":"backend/package.json","issueCount":0,"issues":[]}
2025-08-17T11:06:03.428804Z [evaluation.file] {"file":"backend/routes/user.js","issueCount":0,"issues":[]}
2025-08-17T11:06:03.428917Z [evaluation.file] {"file":"backend/routes/index.js","issueCount":0,"issues":[]}
2025-08-17T11:06:03.429030Z [evaluation.file] {"file":"backend/routes/Account.js","issueCount":0,"issues":[]}
2025-08-17T11:06:03.429145Z [evaluation.file] {"file":"README.md","issueCount":0,"issues":[]}
2025-08-17T11:06:11.043592Z [evaluation.overall] {"comments":["**Strengths:** 1.  **Clear Project Structure:** Distinct `backend` and `frontend` directories indicate a well-organized separation of concerns. 2.  **Standard Tooling & Configuration:** Presence of `Dockerfile`, `.eslintrc.cjs`, `vite.config.js`, and `package.json`/`package-lock.json` suggests adherence to modern development practices and proper dependency management. 3.  **Basic Application Scaffolding:** Files like `index.js`, `App.jsx`, `routes/`, and `models/` indicate a foundational structure for a web application with API routing and data modeling. 4.  **Basic Documentation:** Inclusion of `README.md` files in the root and `frontend` directory suggests an effort towards initial project documentation.","**Areas for Improvement:** 1.  **Absence of Automated Tests:** No files or directories associated with unit, integration, or end-to-end tests are evident. 2.  **Missing Database Management Files:** While `models/User.js` implies a database, there are no visible files for database configuration, migrations, or seeding. 3.  **Limited Error Handling and Logging Infrastructure:** No explicit files or configurations for comprehensive error handling, logging, or monitoring are apparent. 4.  **No Explicit API Documentation:** No files indicating API documentation generation (e.g., Swagger/OpenAPI configurations) are present. 5.  **Minor Naming Inconsistency:** A typo in `backend/auth/auhtorization.js` suggests a minor oversight in file naming."]}
2025-08-17T11:06:11.046214Z [evaluation.summary] {"submissionId":504,"filesEvaluated":19,"errorsCount":0,"improvementsCount":0,"thingsDoneRightCount":0}
